This is pdfTeX, Version 3.14159265-2.6-1.40.15 (TeX Live 2014/W32TeX) (preloaded format=pdflatex 2014.11.7)  21 NOV 2014 21:11
entering extended mode
 restricted \write18 enabled.
 %&-line parsing enabled.
**Report.tex
(./Report.tex
LaTeX2e <2014/05/01>
Babel <3.9l> and hyphenation patterns for 79 languages loaded.
(c:/texlive/2014/texmf-dist/tex/latex/koma-script/scrartcl.cls
Document Class: scrartcl 2013/12/19 v3.12 KOMA-Script document class (article)
(c:/texlive/2014/texmf-dist/tex/latex/koma-script/scrkbase.sty
Package: scrkbase 2013/12/19 v3.12 KOMA-Script package (KOMA-Script-dependent b
asics and keyval usage)

(c:/texlive/2014/texmf-dist/tex/latex/koma-script/scrbase.sty
Package: scrbase 2013/12/19 v3.12 KOMA-Script package (KOMA-Script-independent 
basics and keyval usage)

(c:/texlive/2014/texmf-dist/tex/latex/graphics/keyval.sty
Package: keyval 2014/05/08 v1.15 key=value parser (DPC)
\KV@toks@=\toks14
)
(c:/texlive/2014/texmf-dist/tex/latex/koma-script/scrlfile.sty
Package: scrlfile 2013/12/19 v3.12 KOMA-Script package (loading files)

Package scrlfile, 2013/12/19 v3.12 KOMA-Script package (loading files)
                  Copyright (C) Markus Kohm

))) (c:/texlive/2014/texmf-dist/tex/latex/koma-script/tocbasic.sty
Package: tocbasic 2013/12/19 v3.12 KOMA-Script package (handling toc-files)
)
Package tocbasic Info: omitting babel extension for `toc'
(tocbasic)             because of feature `nobabel' available
(tocbasic)             for `toc' on input line 115.
Package tocbasic Info: omitting babel extension for `lof'
(tocbasic)             because of feature `nobabel' available
(tocbasic)             for `lof' on input line 116.
Package tocbasic Info: omitting babel extension for `lot'
(tocbasic)             because of feature `nobabel' available
(tocbasic)             for `lot' on input line 117.
Class scrartcl Info: File `scrsize11pt.clo' used instead of
(scrartcl)           file `scrsize11.clo' to setup font sizes on input line 153
1.

(c:/texlive/2014/texmf-dist/tex/latex/koma-script/scrsize11pt.clo
File: scrsize11pt.clo 2013/12/19 v3.12 KOMA-Script font size class option (11pt
)
)
(c:/texlive/2014/texmf-dist/tex/latex/koma-script/typearea.sty
Package: typearea 2013/12/19 v3.12 KOMA-Script package (type area)

Package typearea, 2013/12/19 v3.12 KOMA-Script package (type area)
                  Copyright (C) Frank Neukam, 1992-1994
                  Copyright (C) Markus Kohm, 1994-

\ta@bcor=\skip41
\ta@div=\count79
\ta@hblk=\skip42
\ta@vblk=\skip43
\ta@temp=\skip44
\footheight=\skip45
Package typearea Info: These are the values describing the layout:
(typearea)             DIV  = 10
(typearea)             BCOR = 0.0pt
(typearea)             \paperwidth      = 597.50793pt
(typearea)              \textwidth      = 418.25555pt
(typearea)              DIV departure   = -6%
(typearea)              \evensidemargin = 17.3562pt
(typearea)              \oddsidemargin  = 17.3562pt
(typearea)             \paperheight     = 845.04694pt
(typearea)              \textheight     = 595.80026pt
(typearea)              \topmargin      = -25.16531pt
(typearea)              \headheight     = 17.0pt
(typearea)              \headsep        = 20.40001pt
(typearea)              \topskip        = 11.0pt
(typearea)              \footskip       = 47.6pt
(typearea)              \baselineskip   = 13.6pt
(typearea)              on input line 1330.
)
\c@part=\count80
\c@section=\count81
\c@subsection=\count82
\c@subsubsection=\count83
\c@paragraph=\count84
\c@subparagraph=\count85
\abovecaptionskip=\skip46
\belowcaptionskip=\skip47
\c@pti@nb@sid@b@x=\box26
\c@figure=\count86
\c@table=\count87
\bibindent=\dimen102
) (c:/texlive/2014/texmf-dist/tex/latex/amsmath/amsmath.sty
Package: amsmath 2013/01/14 v2.14 AMS math features
\@mathmargin=\skip48

For additional information on amsmath, use the `?' option.
(c:/texlive/2014/texmf-dist/tex/latex/amsmath/amstext.sty
Package: amstext 2000/06/29 v2.01

(c:/texlive/2014/texmf-dist/tex/latex/amsmath/amsgen.sty
File: amsgen.sty 1999/11/30 v2.0
\@emptytoks=\toks15
\ex@=\dimen103
))
(c:/texlive/2014/texmf-dist/tex/latex/amsmath/amsbsy.sty
Package: amsbsy 1999/11/29 v1.2d
\pmbraise@=\dimen104
)
(c:/texlive/2014/texmf-dist/tex/latex/amsmath/amsopn.sty
Package: amsopn 1999/12/14 v2.01 operator names
)
\inf@bad=\count88
LaTeX Info: Redefining \frac on input line 210.
\uproot@=\count89
\leftroot@=\count90
LaTeX Info: Redefining \overline on input line 306.
\classnum@=\count91
\DOTSCASE@=\count92
LaTeX Info: Redefining \ldots on input line 378.
LaTeX Info: Redefining \dots on input line 381.
LaTeX Info: Redefining \cdots on input line 466.
\Mathstrutbox@=\box27
\strutbox@=\box28
\big@size=\dimen105
LaTeX Font Info:    Redeclaring font encoding OML on input line 566.
LaTeX Font Info:    Redeclaring font encoding OMS on input line 567.
\macc@depth=\count93
\c@MaxMatrixCols=\count94
\dotsspace@=\muskip10
\c@parentequation=\count95
\dspbrk@lvl=\count96
\tag@help=\toks16
\row@=\count97
\column@=\count98
\maxfields@=\count99
\andhelp@=\toks17
\eqnshift@=\dimen106
\alignsep@=\dimen107
\tagshift@=\dimen108
\tagwidth@=\dimen109
\totwidth@=\dimen110
\lineht@=\dimen111
\@envbody=\toks18
\multlinegap=\skip49
\multlinetaggap=\skip50
\mathdisplay@stack=\toks19
LaTeX Info: Redefining \[ on input line 2665.
LaTeX Info: Redefining \] on input line 2666.
)
(c:/texlive/2014/texmf-dist/tex/latex/graphics/graphicx.sty
Package: graphicx 2014/04/25 v1.0g Enhanced LaTeX Graphics (DPC,SPQR)

(c:/texlive/2014/texmf-dist/tex/latex/graphics/graphics.sty
Package: graphics 2009/02/05 v1.0o Standard LaTeX Graphics (DPC,SPQR)

(c:/texlive/2014/texmf-dist/tex/latex/graphics/trig.sty
Package: trig 1999/03/16 v1.09 sin cos tan (DPC)
)
(c:/texlive/2014/texmf-dist/tex/latex/latexconfig/graphics.cfg
File: graphics.cfg 2010/04/23 v1.9 graphics configuration of TeX Live
)
Package graphics Info: Driver file: pdftex.def on input line 91.

(c:/texlive/2014/texmf-dist/tex/latex/pdftex-def/pdftex.def
File: pdftex.def 2011/05/27 v0.06d Graphics/color for pdfTeX

(c:/texlive/2014/texmf-dist/tex/generic/oberdiek/infwarerr.sty
Package: infwarerr 2010/04/08 v1.3 Providing info/warning/error messages (HO)
)
(c:/texlive/2014/texmf-dist/tex/generic/oberdiek/ltxcmds.sty
Package: ltxcmds 2011/11/09 v1.22 LaTeX kernel commands for general use (HO)
)
\Gread@gobject=\count100
))
\Gin@req@height=\dimen112
\Gin@req@width=\dimen113
)
(c:/texlive/2014/texmf-dist/tex/latex/caption/caption.sty
Package: caption 2013/05/02 v3.3-89 Customizing captions (AR)

(c:/texlive/2014/texmf-dist/tex/latex/caption/caption3.sty
Package: caption3 2013/05/02 v1.6-88 caption3 kernel (AR)
Package caption3 Info: TeX engine: e-TeX on input line 57.
\captionmargin=\dimen114
\captionmargin@=\dimen115
\captionwidth=\dimen116
\caption@tempdima=\dimen117
\caption@indent=\dimen118
\caption@parindent=\dimen119
\caption@hangindent=\dimen120
)
Package caption Info: KOMA-Script document class.
\c@ContinuedFloat=\count101
)
(c:/texlive/2014/texmf-dist/tex/latex/geometry/geometry.sty
Package: geometry 2010/09/12 v5.6 Page Geometry

(c:/texlive/2014/texmf-dist/tex/generic/oberdiek/ifpdf.sty
Package: ifpdf 2011/01/30 v2.3 Provides the ifpdf switch (HO)
Package ifpdf Info: pdfTeX in PDF mode is detected.
)
(c:/texlive/2014/texmf-dist/tex/generic/oberdiek/ifvtex.sty
Package: ifvtex 2010/03/01 v1.5 Detect VTeX and its facilities (HO)
Package ifvtex Info: VTeX not detected.
)
(c:/texlive/2014/texmf-dist/tex/generic/ifxetex/ifxetex.sty
Package: ifxetex 2010/09/12 v0.6 Provides ifxetex conditional
)
\Gm@cnth=\count102
\Gm@cntv=\count103
\c@Gm@tempcnt=\count104
\Gm@bindingoffset=\dimen121
\Gm@wd@mp=\dimen122
\Gm@odd@mp=\dimen123
\Gm@even@mp=\dimen124
\Gm@layoutwidth=\dimen125
\Gm@layoutheight=\dimen126
\Gm@layouthoffset=\dimen127
\Gm@layoutvoffset=\dimen128
\Gm@dimlist=\toks20
)
(c:/texlive/2014/texmf-dist/tex/latex/hyperref/hyperref.sty
Package: hyperref 2012/11/06 v6.83m Hypertext links for LaTeX

(c:/texlive/2014/texmf-dist/tex/generic/oberdiek/hobsub-hyperref.sty
Package: hobsub-hyperref 2012/05/28 v1.13 Bundle oberdiek, subset hyperref (HO)


(c:/texlive/2014/texmf-dist/tex/generic/oberdiek/hobsub-generic.sty
Package: hobsub-generic 2012/05/28 v1.13 Bundle oberdiek, subset generic (HO)
Package: hobsub 2012/05/28 v1.13 Construct package bundles (HO)
Package hobsub Info: Skipping package `infwarerr' (already loaded).
Package hobsub Info: Skipping package `ltxcmds' (already loaded).
Package: ifluatex 2010/03/01 v1.3 Provides the ifluatex switch (HO)
Package ifluatex Info: LuaTeX not detected.
Package hobsub Info: Skipping package `ifvtex' (already loaded).
Package: intcalc 2007/09/27 v1.1 Expandable calculations with integers (HO)
Package hobsub Info: Skipping package `ifpdf' (already loaded).
Package: etexcmds 2011/02/16 v1.5 Avoid name clashes with e-TeX commands (HO)
Package etexcmds Info: Could not find \expanded.
(etexcmds)             That can mean that you are not using pdfTeX 1.50 or
(etexcmds)             that some package has redefined \expanded.
(etexcmds)             In the latter case, load this package earlier.
Package: kvsetkeys 2012/04/25 v1.16 Key value parser (HO)
Package: kvdefinekeys 2011/04/07 v1.3 Define keys (HO)
Package: pdftexcmds 2011/11/29 v0.20 Utility functions of pdfTeX for LuaTeX (HO
)
Package pdftexcmds Info: LuaTeX not detected.
Package pdftexcmds Info: \pdf@primitive is available.
Package pdftexcmds Info: \pdf@ifprimitive is available.
Package pdftexcmds Info: \pdfdraftmode found.
Package: pdfescape 2011/11/25 v1.13 Implements pdfTeX's escape features (HO)
Package: bigintcalc 2012/04/08 v1.3 Expandable calculations on big integers (HO
)
Package: bitset 2011/01/30 v1.1 Handle bit-vector datatype (HO)
Package: uniquecounter 2011/01/30 v1.2 Provide unlimited unique counter (HO)
)
Package hobsub Info: Skipping package `hobsub' (already loaded).
Package: letltxmacro 2010/09/02 v1.4 Let assignment for LaTeX macros (HO)
Package: hopatch 2012/05/28 v1.2 Wrapper for package hooks (HO)
Package: xcolor-patch 2011/01/30 xcolor patch
Package: atveryend 2011/06/30 v1.8 Hooks at the very end of document (HO)
Package atveryend Info: \enddocument detected (standard20110627).
Package: atbegshi 2011/10/05 v1.16 At begin shipout hook (HO)
Package: refcount 2011/10/16 v3.4 Data extraction from label references (HO)
Package: hycolor 2011/01/30 v1.7 Color options for hyperref/bookmark (HO)
)
(c:/texlive/2014/texmf-dist/tex/latex/oberdiek/auxhook.sty
Package: auxhook 2011/03/04 v1.3 Hooks for auxiliary files (HO)
)
(c:/texlive/2014/texmf-dist/tex/latex/oberdiek/kvoptions.sty
Package: kvoptions 2011/06/30 v3.11 Key value format for package options (HO)
)
\@linkdim=\dimen129
\Hy@linkcounter=\count105
\Hy@pagecounter=\count106

(c:/texlive/2014/texmf-dist/tex/latex/hyperref/pd1enc.def
File: pd1enc.def 2012/11/06 v6.83m Hyperref: PDFDocEncoding definition (HO)
)
\Hy@SavedSpaceFactor=\count107

(c:/texlive/2014/texmf-dist/tex/latex/latexconfig/hyperref.cfg
File: hyperref.cfg 2002/06/06 v1.2 hyperref configuration of TeXLive
)
Package hyperref Info: Hyper figures OFF on input line 4443.
Package hyperref Info: Link nesting OFF on input line 4448.
Package hyperref Info: Hyper index ON on input line 4451.
Package hyperref Info: Plain pages OFF on input line 4458.
Package hyperref Info: Backreferencing OFF on input line 4463.
Package hyperref Info: Implicit mode ON; LaTeX internals redefined.
Package hyperref Info: Bookmarks ON on input line 4688.
\c@Hy@tempcnt=\count108

(c:/texlive/2014/texmf-dist/tex/latex/url/url.sty
\Urlmuskip=\muskip11
Package: url 2013/09/16  ver 3.4  Verb mode for urls, etc.
)
LaTeX Info: Redefining \url on input line 5041.
\XeTeXLinkMargin=\dimen130
\Fld@menulength=\count109
\Field@Width=\dimen131
\Fld@charsize=\dimen132
Package hyperref Info: Hyper figures OFF on input line 6295.
Package hyperref Info: Link nesting OFF on input line 6300.
Package hyperref Info: Hyper index ON on input line 6303.
Package hyperref Info: backreferencing OFF on input line 6310.
Package hyperref Info: Link coloring OFF on input line 6315.
Package hyperref Info: Link coloring with OCG OFF on input line 6320.
Package hyperref Info: PDF/A mode OFF on input line 6325.
LaTeX Info: Redefining \ref on input line 6365.
LaTeX Info: Redefining \pageref on input line 6369.
\Hy@abspage=\count110
\c@Item=\count111
\c@Hfootnote=\count112
)

Package hyperref Message: Driver (autodetected): hpdftex.

(c:/texlive/2014/texmf-dist/tex/latex/hyperref/hpdftex.def
File: hpdftex.def 2012/11/06 v6.83m Hyperref driver for pdfTeX
\Fld@listcount=\count113
\c@bookmark@seq@number=\count114

(c:/texlive/2014/texmf-dist/tex/latex/oberdiek/rerunfilecheck.sty
Package: rerunfilecheck 2011/04/15 v1.7 Rerun checks for auxiliary files (HO)
Package uniquecounter Info: New unique counter `rerunfilecheck' on input line 2
82.
)
\Hy@SectionHShift=\skip51
)

Package geometry Warning: Over-specification in `h'-direction.
    `width' (597.50787pt) is ignored.


Package geometry Warning: Over-specification in `v'-direction.
    `height' (845.04684pt) is ignored.

(./Report.aux)
\openout1 = `Report.aux'.

LaTeX Font Info:    Checking defaults for OML/cmm/m/it on input line 22.
LaTeX Font Info:    ... okay on input line 22.
LaTeX Font Info:    Checking defaults for T1/cmr/m/n on input line 22.
LaTeX Font Info:    ... okay on input line 22.
LaTeX Font Info:    Checking defaults for OT1/cmr/m/n on input line 22.
LaTeX Font Info:    ... okay on input line 22.
LaTeX Font Info:    Checking defaults for OMS/cmsy/m/n on input line 22.
LaTeX Font Info:    ... okay on input line 22.
LaTeX Font Info:    Checking defaults for OMX/cmex/m/n on input line 22.
LaTeX Font Info:    ... okay on input line 22.
LaTeX Font Info:    Checking defaults for U/cmr/m/n on input line 22.
LaTeX Font Info:    ... okay on input line 22.
LaTeX Font Info:    Checking defaults for PD1/pdf/m/n on input line 22.
LaTeX Font Info:    ... okay on input line 22.
 (c:/texlive/2014/texmf-dist/tex/context/base/supp-pdf.mkii
[Loading MPS to PDF converter (version 2006.09.02).]
\scratchcounter=\count115
\scratchdimen=\dimen133
\scratchbox=\box29
\nofMPsegments=\count116
\nofMParguments=\count117
\everyMPshowfont=\toks21
\MPscratchCnt=\count118
\MPscratchDim=\dimen134
\MPnumerator=\count119
\makeMPintoPDFobject=\count120
\everyMPtoPDFconversion=\toks22
) (c:/texlive/2014/texmf-dist/tex/latex/oberdiek/epstopdf-base.sty
Package: epstopdf-base 2010/02/09 v2.5 Base part for package epstopdf

(c:/texlive/2014/texmf-dist/tex/latex/oberdiek/grfext.sty
Package: grfext 2010/08/19 v1.1 Manage graphics extensions (HO)
)
Package grfext Info: Graphics extension search list:
(grfext)             [.png,.pdf,.jpg,.mps,.jpeg,.jbig2,.jb2,.PNG,.PDF,.JPG,.JPE
G,.JBIG2,.JB2,.eps]
(grfext)             \AppendGraphicsExtensions on input line 452.

(c:/texlive/2014/texmf-dist/tex/latex/latexconfig/epstopdf-sys.cfg
File: epstopdf-sys.cfg 2010/07/13 v1.3 Configuration of (r)epstopdf for TeX Liv
e
))
Package caption Info: Begin \AtBeginDocument code.
Package caption Info: hyperref package is loaded.
Package caption Info: End \AtBeginDocument code.

*geometry* driver: auto-detecting
*geometry* detected driver: pdftex
*geometry* verbose mode - [ preamble ] result:
* driver: pdftex
* paper: a4paper
* layout: <same size as paper>
* layoutoffset:(h,v)=(0.0pt,0.0pt)
* modes: 
* h-part:(L,W,R)=(56.9055pt, 483.69687pt, 56.9055pt)
* v-part:(T,H,B)=(42.67912pt, 799.52246pt, 2.84526pt)
* \paperwidth=597.50787pt
* \paperheight=845.04684pt
* \textwidth=483.69687pt
* \textheight=799.52246pt
* \oddsidemargin=-15.36449pt
* \evensidemargin=-15.36449pt
* \topmargin=-66.99088pt
* \headheight=17.0pt
* \headsep=20.40001pt
* \topskip=11.0pt
* \footskip=47.6pt
* \marginparwidth=59.7508pt
* \marginparsep=12.8401pt
* \columnsep=10.0pt
* \skip\footins=10.0pt plus 4.0pt minus 2.0pt
* \hoffset=0.0pt
* \voffset=0.0pt
* \mag=1000
* \@twocolumnfalse
* \@twosidefalse
* \@mparswitchfalse
* \@reversemarginfalse
* (1in=72.27pt=25.4mm, 1cm=28.453pt)

\AtBeginShipoutBox=\box30
Package hyperref Info: Link coloring OFF on input line 22.
(c:/texlive/2014/texmf-dist/tex/latex/hyperref/nameref.sty
Package: nameref 2012/10/27 v2.43 Cross-referencing by name of section

(c:/texlive/2014/texmf-dist/tex/generic/oberdiek/gettitlestring.sty
Package: gettitlestring 2010/12/03 v1.4 Cleanup title references (HO)
)
\c@section@level=\count121
)
LaTeX Info: Redefining \ref on input line 22.
LaTeX Info: Redefining \pageref on input line 22.
LaTeX Info: Redefining \nameref on input line 22.

(./Report.out) (./Report.out)
\@outlinefile=\write3
\openout3 = `Report.out'.

LaTeX Font Info:    Try loading font information for OMS+cmr on input line 33.

(c:/texlive/2014/texmf-dist/tex/latex/base/omscmr.fd
File: omscmr.fd 2014/09/29 v2.5h Standard LaTeX font definitions
)
LaTeX Font Info:    Font shape `OMS/cmr/m/n' in size <10.95> not available
(Font)              Font shape `OMS/cmsy/m/n' tried instead on input line 33.
 [1




{c:/texlive/2014/texmf-var/fonts/map/pdftex/updmap/pdftex.map}]
Package epstopdf Info: Source file: <1point_approx.eps>
(epstopdf)                    date: 2014-11-19 19:37:35
(epstopdf)                    size: 26351 bytes
(epstopdf)             Output file: <1point_approx-eps-converted-to.pdf>
(epstopdf)                    date: 2014-11-19 20:30:11
(epstopdf)                    size: 9637 bytes
(epstopdf)             Command: <repstopdf --outfile=1point_approx-eps-converte
d-to.pdf 1point_approx.eps>
(epstopdf)             \includegraphics on input line 48.
Package epstopdf Info: Output file is already uptodate.

<1point_approx-eps-converted-to.pdf, id=28, 770.88pt x 755.82375pt>
File: 1point_approx-eps-converted-to.pdf Graphic file (type pdf)

<use 1point_approx-eps-converted-to.pdf>
Package pdftex.def Info: 1point_approx-eps-converted-to.pdf used on input line 
48.
(pdftex.def)             Requested size: 241.84843pt x 237.11697pt.
Package epstopdf Info: Source file: <1point_mesh.eps>
(epstopdf)                    date: 2014-11-19 18:08:59
(epstopdf)                    size: 83512 bytes
(epstopdf)             Output file: <1point_mesh-eps-converted-to.pdf>
(epstopdf)                    date: 2014-11-19 20:32:26
(epstopdf)                    size: 80708 bytes
(epstopdf)             Command: <repstopdf --outfile=1point_mesh-eps-converted-
to.pdf 1point_mesh.eps>
(epstopdf)             \includegraphics on input line 55.
Package epstopdf Info: Output file is already uptodate.

<1point_mesh-eps-converted-to.pdf, id=29, 578.16pt x 433.62pt>
File: 1point_mesh-eps-converted-to.pdf Graphic file (type pdf)

<use 1point_mesh-eps-converted-to.pdf>
Package pdftex.def Info: 1point_mesh-eps-converted-to.pdf used on input line 55
.
(pdftex.def)             Requested size: 241.84843pt x 181.38472pt.
Package epstopdf Info: Source file: <1point_mesh_close.eps>
(epstopdf)                    date: 2014-11-21 20:41:14
(epstopdf)                    size: 341057 bytes
(epstopdf)             Output file: <1point_mesh_close-eps-converted-to.pdf>
(epstopdf)                    date: 2014-11-21 20:42:38
(epstopdf)                    size: 299800 bytes
(epstopdf)             Command: <repstopdf --outfile=1point_mesh_close-eps-conv
erted-to.pdf 1point_mesh_close.eps>
(epstopdf)             \includegraphics on input line 61.
Package epstopdf Info: Output file is already uptodate.

<1point_mesh_close-eps-converted-to.pdf, id=32, 578.16pt x 433.62pt>
File: 1point_mesh_close-eps-converted-to.pdf Graphic file (type pdf)

<use 1point_mesh_close-eps-converted-to.pdf>
Package pdftex.def Info: 1point_mesh_close-eps-converted-to.pdf used on input l
ine 61.
(pdftex.def)             Requested size: 241.84843pt x 181.38472pt.


LaTeX Warning: `h' float specifier changed to `ht'.

<1point_contour.png, id=35, 578.16pt x 433.62pt>
File: 1point_contour.png Graphic file (type png)
 <use 1point_contour.png>
Package pdftex.def Info: 1point_contour.png used on input line 67.
(pdftex.def)             Requested size: 241.84843pt x 181.38472pt.


LaTeX Warning: `h' float specifier changed to `ht'.

<1point_contour_close.png, id=38, 578.16pt x 433.62pt>
File: 1point_contour_close.png Graphic file (type png)

<use 1point_contour_close.png>
Package pdftex.def Info: 1point_contour_close.png used on input line 73.
(pdftex.def)             Requested size: 241.84843pt x 181.38472pt.


LaTeX Warning: `h' float specifier changed to `ht'.

[2 <./1point_approx-eps-converted-to.pdf> <./1point_mesh-eps-converted-to.pdf>]
[3 <./1point_mesh_close-eps-converted-to.pdf> <./1point_contour.png (PNG copy)>
 <./1point_contour_close.png (PNG copy)>]
Package epstopdf Info: Source file: <2point_approx.eps>
(epstopdf)                    date: 2014-11-19 19:37:15
(epstopdf)                    size: 27315 bytes
(epstopdf)             Output file: <2point_approx-eps-converted-to.pdf>
(epstopdf)                    date: 2014-11-19 20:33:36
(epstopdf)                    size: 9683 bytes
(epstopdf)             Command: <repstopdf --outfile=2point_approx-eps-converte
d-to.pdf 2point_approx.eps>
(epstopdf)             \includegraphics on input line 86.
Package epstopdf Info: Output file is already uptodate.

<2point_approx-eps-converted-to.pdf, id=72, 770.88pt x 755.82375pt>
File: 2point_approx-eps-converted-to.pdf Graphic file (type pdf)

<use 2point_approx-eps-converted-to.pdf>
Package pdftex.def Info: 2point_approx-eps-converted-to.pdf used on input line 
86.
(pdftex.def)             Requested size: 241.84843pt x 237.11697pt.
Package epstopdf Info: Source file: <2point_mesh.eps>
(epstopdf)                    date: 2014-11-19 18:13:25
(epstopdf)                    size: 85526 bytes
(epstopdf)             Output file: <2point_mesh-eps-converted-to.pdf>
(epstopdf)                    date: 2014-11-19 20:33:38
(epstopdf)                    size: 81095 bytes
(epstopdf)             Command: <repstopdf --outfile=2point_mesh-eps-converted-
to.pdf 2point_mesh.eps>
(epstopdf)             \includegraphics on input line 93.
Package epstopdf Info: Output file is already uptodate.

<2point_mesh-eps-converted-to.pdf, id=73, 578.16pt x 433.62pt>
File: 2point_mesh-eps-converted-to.pdf Graphic file (type pdf)

<use 2point_mesh-eps-converted-to.pdf>
Package pdftex.def Info: 2point_mesh-eps-converted-to.pdf used on input line 93
.
(pdftex.def)             Requested size: 241.84843pt x 181.38472pt.
Package epstopdf Info: Source file: <2point_mesh_close.eps>
(epstopdf)                    date: 2014-11-21 20:47:42
(epstopdf)                    size: 167870 bytes
(epstopdf)             Output file: <2point_mesh_close-eps-converted-to.pdf>
(epstopdf)                    date: 2014-11-21 20:49:01
(epstopdf)                    size: 175676 bytes
(epstopdf)             Command: <repstopdf --outfile=2point_mesh_close-eps-conv
erted-to.pdf 2point_mesh_close.eps>
(epstopdf)             \includegraphics on input line 99.
Package epstopdf Info: Output file is already uptodate.

<2point_mesh_close-eps-converted-to.pdf, id=76, 578.16pt x 433.62pt>
File: 2point_mesh_close-eps-converted-to.pdf Graphic file (type pdf)

<use 2point_mesh_close-eps-converted-to.pdf>
Package pdftex.def Info: 2point_mesh_close-eps-converted-to.pdf used on input l
ine 99.
(pdftex.def)             Requested size: 241.84843pt x 181.38472pt.


LaTeX Warning: `h' float specifier changed to `ht'.

<2point_contour.png, id=79, 578.16pt x 433.62pt>
File: 2point_contour.png Graphic file (type png)
 <use 2point_contour.png>
Package pdftex.def Info: 2point_contour.png used on input line 105.
(pdftex.def)             Requested size: 241.84843pt x 181.38472pt.


LaTeX Warning: `h' float specifier changed to `ht'.

Package epstopdf Info: Source file: <2point_contour_close.eps>
(epstopdf)                    date: 2014-11-21 20:48:30
(epstopdf)                    size: 22383022 bytes
(epstopdf)             Output file: <2point_contour_close-eps-converted-to.pdf>

(epstopdf)                    date: 2014-11-21 20:49:13
(epstopdf)                    size: 2677001 bytes
(epstopdf)             Command: <repstopdf --outfile=2point_contour_close-eps-c
onverted-to.pdf 2point_contour_close.eps>
(epstopdf)             \includegraphics on input line 111.
Package epstopdf Info: Output file is already uptodate.
<2point_contour_close-eps-converted-to.pdf, id=82, 462.72874pt x 376.40625pt>
File: 2point_contour_close-eps-converted-to.pdf Graphic file (type pdf)

<use 2point_contour_close-eps-converted-to.pdf>
Package pdftex.def Info: 2point_contour_close-eps-converted-to.pdf used on inpu
t line 111.
(pdftex.def)             Requested size: 241.84843pt x 196.73174pt.


LaTeX Warning: `h' float specifier changed to `ht'.

[4

 <./2point_approx-eps-converted-to.pdf> <./2point_mesh-eps-converted-to.pdf>] [
5 <./2point_mesh_close-eps-converted-to.pdf> <./2point_contour.png (PNG copy)> 
<./2point_contour_close-eps-converted-to.pdf>]
Package epstopdf Info: Source file: <9688point_approx.eps>
(epstopdf)                    date: 2014-11-19 19:35:42
(epstopdf)                    size: 2038360 bytes
(epstopdf)             Output file: <9688point_approx-eps-converted-to.pdf>
(epstopdf)                    date: 2014-11-19 20:34:44
(epstopdf)                    size: 473267 bytes
(epstopdf)             Command: <repstopdf --outfile=9688point_approx-eps-conve
rted-to.pdf 9688point_approx.eps>
(epstopdf)             \includegraphics on input line 124.
Package epstopdf Info: Output file is already uptodate.

<9688point_approx-eps-converted-to.pdf, id=121, 770.88pt x 755.82375pt>
File: 9688point_approx-eps-converted-to.pdf Graphic file (type pdf)

<use 9688point_approx-eps-converted-to.pdf>
Package pdftex.def Info: 9688point_approx-eps-converted-to.pdf used on input li
ne 124.
(pdftex.def)             Requested size: 241.84843pt x 237.11697pt.
Package epstopdf Info: Source file: <9688point_mesh.eps>
(epstopdf)                    date: 2014-11-19 21:22:15
(epstopdf)                    size: 98457 bytes
(epstopdf)             Output file: <9688point_mesh-eps-converted-to.pdf>
(epstopdf)                    date: 2014-11-19 21:24:11
(epstopdf)                    size: 95947 bytes
(epstopdf)             Command: <repstopdf --outfile=9688point_mesh-eps-convert
ed-to.pdf 9688point_mesh.eps>
(epstopdf)             \includegraphics on input line 131.
Package epstopdf Info: Output file is already uptodate.

<9688point_mesh-eps-converted-to.pdf, id=122, 578.16pt x 433.62pt>
File: 9688point_mesh-eps-converted-to.pdf Graphic file (type pdf)

<use 9688point_mesh-eps-converted-to.pdf>
Package pdftex.def Info: 9688point_mesh-eps-converted-to.pdf used on input line
 131.
(pdftex.def)             Requested size: 241.84843pt x 181.38472pt.
Package epstopdf Info: Source file: <9688point_mesh_close.eps>
(epstopdf)                    date: 2014-11-21 20:55:41
(epstopdf)                    size: 260567 bytes
(epstopdf)             Output file: <9688point_mesh_close-eps-converted-to.pdf>

(epstopdf)                    date: 2014-11-21 21:03:22
(epstopdf)                    size: 260522 bytes
(epstopdf)             Command: <repstopdf --outfile=9688point_mesh_close-eps-c
onverted-to.pdf 9688point_mesh_close.eps>
(epstopdf)             \includegraphics on input line 137.
Package epstopdf Info: Output file is already uptodate.

<9688point_mesh_close-eps-converted-to.pdf, id=125, 578.16pt x 433.62pt>
File: 9688point_mesh_close-eps-converted-to.pdf Graphic file (type pdf)

<use 9688point_mesh_close-eps-converted-to.pdf>
Package pdftex.def Info: 9688point_mesh_close-eps-converted-to.pdf used on inpu
t line 137.
(pdftex.def)             Requested size: 241.84843pt x 181.38472pt.


LaTeX Warning: `h' float specifier changed to `ht'.

<9688point_contour.png, id=128, 578.16pt x 433.62pt>
File: 9688point_contour.png Graphic file (type png)

<use 9688point_contour.png>
Package pdftex.def Info: 9688point_contour.png used on input line 143.
(pdftex.def)             Requested size: 241.84843pt x 181.38472pt.


LaTeX Warning: `h' float specifier changed to `ht'.

<9688point_contour_close.png, id=131, 578.16pt x 433.62pt>
File: 9688point_contour_close.png Graphic file (type png)

<use 9688point_contour_close.png>
Package pdftex.def Info: 9688point_contour_close.png used on input line 149.
(pdftex.def)             Requested size: 241.84843pt x 181.38472pt.


LaTeX Warning: `h' float specifier changed to `ht'.

[6

 <./9688point_approx-eps-converted-to.pdf> <./9688point_mesh-eps-converted-to.p
df>] [7 <./9688point_mesh_close-eps-converted-to.pdf> <./9688point_contour.png 
(PNG copy)> <./9688point_contour_close.png (PNG copy)>]
Missing character: There is no â in font cmssbx10!
Missing character: There is no € in font cmssbx10!
Missing character: There is no “ in font cmssbx10!
 [8

]
<1point_diff.png, id=187, 485.56406pt x 395.97937pt>
File: 1point_diff.png Graphic file (type png)
 <use 1point_diff.png>
Package pdftex.def Info: 1point_diff.png used on input line 187.
(pdftex.def)             Requested size: 193.47578pt x 157.77869pt.
Missing character: There is no â in font cmr10!
Missing character: There is no € in font cmr10!
Missing character: There is no “ in font cmr10!
Package epstopdf Info: Source file: <example1.eps>
(epstopdf)                    date: 2014-11-19 22:27:18
(epstopdf)                    size: 37360 bytes
(epstopdf)             Output file: <example1-eps-converted-to.pdf>
(epstopdf)                    date: 2014-11-19 22:31:00
(epstopdf)                    size: 11153 bytes
(epstopdf)             Command: <repstopdf --outfile=example1-eps-converted-to.
pdf example1.eps>
(epstopdf)             \includegraphics on input line 199.
Package epstopdf Info: Output file is already uptodate.

<example1-eps-converted-to.pdf, id=192, 770.88pt x 755.82375pt>
File: example1-eps-converted-to.pdf Graphic file (type pdf)

<use example1-eps-converted-to.pdf>
Package pdftex.def Info: example1-eps-converted-to.pdf used on input line 199.
(pdftex.def)             Requested size: 169.29684pt x 165.98187pt.


LaTeX Warning: `h' float specifier changed to `ht'.

Package epstopdf Info: Source file: <example2.eps>
(epstopdf)                    date: 2014-11-19 22:30:22
(epstopdf)                    size: 35479 bytes
(epstopdf)             Output file: <example2-eps-converted-to.pdf>
(epstopdf)                    date: 2014-11-19 22:31:01
(epstopdf)                    size: 11210 bytes
(epstopdf)             Command: <repstopdf --outfile=example2-eps-converted-to.
pdf example2.eps>
(epstopdf)             \includegraphics on input line 205.
Package epstopdf Info: Output file is already uptodate.
<example2-eps-converted-to.pdf, id=193, 770.88pt x 755.82375pt>
File: example2-eps-converted-to.pdf Graphic file (type pdf)

<use example2-eps-converted-to.pdf>
Package pdftex.def Info: example2-eps-converted-to.pdf used on input line 205.
(pdftex.def)             Requested size: 169.29684pt x 165.98187pt.


LaTeX Warning: `h' float specifier changed to `ht'.

Package epstopdf Info: Source file: <example3.eps>
(epstopdf)                    date: 2014-11-19 22:43:53
(epstopdf)                    size: 35024 bytes
(epstopdf)             Output file: <example3-eps-converted-to.pdf>
(epstopdf)                    date: 2014-11-21 01:54:28
(epstopdf)                    size: 11438 bytes
(epstopdf)             Command: <repstopdf --outfile=example3-eps-converted-to.
pdf example3.eps>
(epstopdf)             \includegraphics on input line 211.
Package epstopdf Info: Output file is already uptodate.
<example3-eps-converted-to.pdf, id=194, 770.88pt x 581.17125pt>
File: example3-eps-converted-to.pdf Graphic file (type pdf)

<use example3-eps-converted-to.pdf>
Package pdftex.def Info: example3-eps-converted-to.pdf used on input line 211.
(pdftex.def)             Requested size: 169.29684pt x 127.6275pt.


LaTeX Warning: `h' float specifier changed to `ht'.

[9

 <./1point_diff.png (PNG copy)>]
Missing character: There is no â in font cmr10!
Missing character: There is no € in font cmr10!
Missing character: There is no “ in font cmr10!
Missing character: There is no â in font cmr10!
Missing character: There is no € in font cmr10!
Missing character: There is no “ in font cmr10!

Underfull \hbox (badness 10000) in paragraph at lines 225--227
[]\OT1/cmr/m/n/10.95 Levenberg  Mar-quardt al-go-rithm []$\OT1/cmtt/m/n/10.95 h
ttp : / / en . wikipedia . org / wiki / Levenberg % E2 % 80 %
 []

Package atveryend Info: Empty hook `BeforeClearDocument' on input line 231.
[10 <./example1-eps-converted-to.pdf> <./example2-eps-converted-to.pdf>]
[11 <./example3-eps-converted-to.pdf>]
Package atveryend Info: Empty hook `AfterLastShipout' on input line 231.
 (./Report.aux)
Package atveryend Info: Executing hook `AtVeryEndDocument' on input line 231.
Package atveryend Info: Executing hook `AtEndAfterFileList' on input line 231.
Package rerunfilecheck Info: File `Report.out' has not changed.
(rerunfilecheck)             Checksum: 43AA0A7DACA1C6FEBFC7A780099C1B50;171.
Package atveryend Info: Empty hook `AtVeryVeryEnd' on input line 231.
 ) 
Here is how much of TeX's memory you used:
 8565 strings out of 493109
 133973 string characters out of 6138587
 269948 words of memory out of 5000000
 11886 multiletter control sequences out of 15000+600000
 10995 words of font info for 40 fonts, out of 8000000 for 9000
 1141 hyphenation exceptions out of 8191
 40i,6n,46p,588b,393s stack positions out of 5000i,500n,10000p,200000b,80000s
<c:/texlive/2014/texmf-dist/fonts/type1/public/amsfonts/cm/cmbx10.pfb><c:/tex
live/2014/texmf-dist/fonts/type1/public/amsfonts/cm/cmbx8.pfb><c:/texlive/2014/
texmf-dist/fonts/type1/public/amsfonts/cm/cmmi10.pfb><c:/texlive/2014/texmf-dis
t/fonts/type1/public/amsfonts/cm/cmmi8.pfb><c:/texlive/2014/texmf-dist/fonts/ty
pe1/public/amsfonts/cm/cmr10.pfb><c:/texlive/2014/texmf-dist/fonts/type1/public
/amsfonts/cm/cmr12.pfb><c:/texlive/2014/texmf-dist/fonts/type1/public/amsfonts/
cm/cmr8.pfb><c:/texlive/2014/texmf-dist/fonts/type1/public/amsfonts/cm/cmssbx10
.pfb><c:/texlive/2014/texmf-dist/fonts/type1/public/amsfonts/cm/cmsy10.pfb><c:/
texlive/2014/texmf-dist/fonts/type1/public/amsfonts/cm/cmtt10.pfb>
Output written on Report.pdf (11 pages, 5070274 bytes).
PDF statistics:
 283 PDF objects out of 1000 (max. 8388607)
 196 compressed objects within 2 object streams
 53 named destinations out of 1000 (max. 500000)
 112 words of extra memory for PDF output out of 10000 (max. 10000000)

